Application Starting...
Initializing LoginFrame...
LoginFrame initialized. Setting visible...
LoginFrame visible.
Application Starting...
Initializing LoginFrame...
LoginFrame initialized. Setting visible...
LoginFrame visible.
Application Starting...
Initializing MainFrame (Bypassing Login)...
MainFrame initialized. Setting visible...
MainFrame visible.
Application Starting...
Initializing MainFrame (Bypassing Login)...
MainFrame initialized. Setting visible...
MainFrame visible.
Application Starting...
Initializing MainFrame (Bypassing Login)...
MainFrame initialized. Setting visible...
MainFrame visible.
Application Starting...
Initializing LoginFrame...
LoginFrame initialized. Setting visible...
LoginFrame visible.
Application Starting...
Initializing LoginFrame...
LoginFrame initialized. Setting visible...
LoginFrame visible.
Application Starting...
Initializing LoginFrame...
LoginFrame initialized. Setting visible...
LoginFrame visible.
Application Starting...
Initializing LoginFrame...
LoginFrame initialized. Setting visible...
LoginFrame visible.
Application Starting...
Initializing LoginFrame...
LoginFrame initialized. Setting visible...
LoginFrame visible.
Application Starting...
Initializing LoginFrame...
LoginFrame initialized. Setting visible...
LoginFrame visible.
Application Starting...
Initializing LoginFrame...
LoginFrame initialized. Setting visible...
LoginFrame visible.
Application Starting...
Initializing LoginFrame...
LoginFrame initialized. Setting visible...
LoginFrame visible.
Application Starting...
Initializing LoginFrame...
LoginFrame initialized. Setting visible...
LoginFrame visible.
Application Starting...
Initializing LoginFrame...
LoginFrame initialized. Setting visible...
LoginFrame visible.
Application Starting...
Initializing LoginFrame...
LoginFrame initialized. Setting visible...
LoginFrame visible.
Application Starting...
Initializing LoginFrame...
LoginFrame initialized. Setting visible...
LoginFrame visible.
Application Starting...
Initializing LoginFrame...
LoginFrame initialized. Setting visible...
LoginFrame visible.
Application Starting...
Initializing LoginFrame...
LoginFrame initialized. Setting visible...
LoginFrame visible.
Application Starting...
Initializing LoginFrame...
LoginFrame initialized. Setting visible...
LoginFrame visible.
Application Starting...
Initializing LoginFrame...
LoginFrame initialized. Setting visible...
LoginFrame visible.
Application Starting...
Initializing LoginFrame...
LoginFrame initialized. Setting visible...
LoginFrame visible.
Application Starting...
Initializing LoginFrame...
LoginFrame initialized. Setting visible...
LoginFrame visible.
